[07:14:49] [ServerMain/INFO]: [bootstrap] Running Java 25 (OpenJDK 64-Bit Server VM 25.0.3+9-2-24.04.2-Ubuntu; Ubuntu null) on Linux 6.8.0-1052-azure (amd64)
[07:14:49] [ServerMain/INFO]: [bootstrap] Loading Paper 26.1.2-60-main@b4682bf (2026-05-04T06:25:04Z) for Minecraft 26.1.2
[07:14:49] [ServerMain/INFO]: [PluginInitializerManager] Initializing plugins...
[07:14:50] [ServerMain/ERROR]: [DirectoryProviderSource] Error loading plugin: zip END header not found
java.util.zip.ZipException: zip END header not found
	at java.base/java.util.zip.ZipFile$Source.findEND(ZipFile.java:1693) ~[?:?]
	at java.base/java.util.zip.ZipFile$Source.initCEN(ZipFile.java:1701) ~[?:?]
	at java.base/java.util.zip.ZipFile$Source.<init>(ZipFile.java:1542) ~[?:?]
	at java.base/java.util.zip.ZipFile$Source.get(ZipFile.java:1506) ~[?:?]
	at java.base/java.util.zip.ZipFile$CleanableResource.<init>(ZipFile.java:704) ~[?:?]
	at java.base/java.util.zip.ZipFile.<init>(ZipFile.java:204) ~[?:?]
	at java.base/java.util.zip.ZipFile.<init>(ZipFile.java:150) ~[?:?]
	at java.base/java.util.jar.JarFile.<init>(JarFile.java:333) ~[?:?]
	at io.papermc.paper.plugin.provider.source.FileProviderSource.registerProviders(FileProviderSource.java:64) ~[paper-26.1.2.jar:26.1.2-60-b4682bf]
	at io.papermc.paper.plugin.provider.source.DirectoryProviderSource.registerProviders(DirectoryProviderSource.java:58) ~[paper-26.1.2.jar:26.1.2-60-b4682bf]
	at io.papermc.paper.plugin.provider.source.DirectoryProviderSource.registerProviders(DirectoryProviderSource.java:17) ~[paper-26.1.2.jar:26.1.2-60-b4682bf]
	at io.papermc.paper.plugin.util.EntrypointUtil.registerProvidersFromSource(EntrypointUtil.java:15) ~[paper-26.1.2.jar:26.1.2-60-b4682bf]
	at io.papermc.paper.plugin.PluginInitializerManager.load(PluginInitializerManager.java:104) ~[paper-26.1.2.jar:26.1.2-60-b4682bf]
	at net.minecraft.server.Main.main(Main.java:107) ~[paper-26.1.2.jar:26.1.2-60-b4682bf]
	at io.papermc.paper.PaperBootstrap.boot(PaperBootstrap.java:21) ~[paper-26.1.2.jar:26.1.2-60-b4682bf]
	at org.bukkit.craftbukkit.Main.main(Main.java:204) ~[paper-26.1.2.jar:26.1.2-60-b4682bf]
	at io.papermc.paperclip.Paperclip.lambda$main$0(Paperclip.java:42) ~[?:?]
	at java.base/java.lang.Thread.run(Thread.java:1474) ~[?:?]
[07:14:50] [ServerMain/ERROR]: [DirectoryProviderSource] Error loading plugin: zip END header not found
java.util.zip.ZipException: zip END header not found
	at java.base/java.util.zip.ZipFile$Source.findEND(ZipFile.java:1693) ~[?:?]
	at java.base/java.util.zip.ZipFile$Source.initCEN(ZipFile.java:1701) ~[?:?]
	at java.base/java.util.zip.ZipFile$Source.<init>(ZipFile.java:1542) ~[?:?]
	at java.base/java.util.zip.ZipFile$Source.get(ZipFile.java:1506) ~[?:?]
	at java.base/java.util.zip.ZipFile$CleanableResource.<init>(ZipFile.java:704) ~[?:?]
	at java.base/java.util.zip.ZipFile.<init>(ZipFile.java:204) ~[?:?]
	at java.base/java.util.zip.ZipFile.<init>(ZipFile.java:150) ~[?:?]
	at java.base/java.util.jar.JarFile.<init>(JarFile.java:333) ~[?:?]
	at io.papermc.paper.plugin.provider.source.FileProviderSource.registerProviders(FileProviderSource.java:64) ~[paper-26.1.2.jar:26.1.2-60-b4682bf]
	at io.papermc.paper.plugin.provider.source.DirectoryProviderSource.registerProviders(DirectoryProviderSource.java:58) ~[paper-26.1.2.jar:26.1.2-60-b4682bf]
	at io.papermc.paper.plugin.provider.source.DirectoryProviderSource.registerProviders(DirectoryProviderSource.java:17) ~[paper-26.1.2.jar:26.1.2-60-b4682bf]
	at io.papermc.paper.plugin.util.EntrypointUtil.registerProvidersFromSource(EntrypointUtil.java:15) ~[paper-26.1.2.jar:26.1.2-60-b4682bf]
	at io.papermc.paper.plugin.PluginInitializerManager.load(PluginInitializerManager.java:104) ~[paper-26.1.2.jar:26.1.2-60-b4682bf]
	at net.minecraft.server.Main.main(Main.java:107) ~[paper-26.1.2.jar:26.1.2-60-b4682bf]
	at io.papermc.paper.PaperBootstrap.boot(PaperBootstrap.java:21) ~[paper-26.1.2.jar:26.1.2-60-b4682bf]
	at org.bukkit.craftbukkit.Main.main(Main.java:204) ~[paper-26.1.2.jar:26.1.2-60-b4682bf]
	at io.papermc.paperclip.Paperclip.lambda$main$0(Paperclip.java:42) ~[?:?]
	at java.base/java.lang.Thread.run(Thread.java:1474) ~[?:?]
[07:14:50] [ServerMain/ERROR]: [DirectoryProviderSource] Error loading plugin: zip END header not found
java.util.zip.ZipException: zip END header not found
	at java.base/java.util.zip.ZipFile$Source.findEND(ZipFile.java:1693) ~[?:?]
	at java.base/java.util.zip.ZipFile$Source.initCEN(ZipFile.java:1701) ~[?:?]
	at java.base/java.util.zip.ZipFile$Source.<init>(ZipFile.java:1542) ~[?:?]
	at java.base/java.util.zip.ZipFile$Source.get(ZipFile.java:1506) ~[?:?]
	at java.base/java.util.zip.ZipFile$CleanableResource.<init>(ZipFile.java:704) ~[?:?]
	at java.base/java.util.zip.ZipFile.<init>(ZipFile.java:204) ~[?:?]
	at java.base/java.util.zip.ZipFile.<init>(ZipFile.java:150) ~[?:?]
	at java.base/java.util.jar.JarFile.<init>(JarFile.java:333) ~[?:?]
	at io.papermc.paper.plugin.provider.source.FileProviderSource.registerProviders(FileProviderSource.java:64) ~[paper-26.1.2.jar:26.1.2-60-b4682bf]
	at io.papermc.paper.plugin.provider.source.DirectoryProviderSource.registerProviders(DirectoryProviderSource.java:58) ~[paper-26.1.2.jar:26.1.2-60-b4682bf]
	at io.papermc.paper.plugin.provider.source.DirectoryProviderSource.registerProviders(DirectoryProviderSource.java:17) ~[paper-26.1.2.jar:26.1.2-60-b4682bf]
	at io.papermc.paper.plugin.util.EntrypointUtil.registerProvidersFromSource(EntrypointUtil.java:15) ~[paper-26.1.2.jar:26.1.2-60-b4682bf]
	at io.papermc.paper.plugin.PluginInitializerManager.load(PluginInitializerManager.java:104) ~[paper-26.1.2.jar:26.1.2-60-b4682bf]
	at net.minecraft.server.Main.main(Main.java:107) ~[paper-26.1.2.jar:26.1.2-60-b4682bf]
	at io.papermc.paper.PaperBootstrap.boot(PaperBootstrap.java:21) ~[paper-26.1.2.jar:26.1.2-60-b4682bf]
	at org.bukkit.craftbukkit.Main.main(Main.java:204) ~[paper-26.1.2.jar:26.1.2-60-b4682bf]
	at io.papermc.paperclip.Paperclip.lambda$main$0(Paperclip.java:42) ~[?:?]
	at java.base/java.lang.Thread.run(Thread.java:1474) ~[?:?]
[07:14:50] [ServerMain/ERROR]: [DirectoryProviderSource] Error loading plugin: zip END header not found
java.util.zip.ZipException: zip END header not found
	at java.base/java.util.zip.ZipFile$Source.findEND(ZipFile.java:1693) ~[?:?]
	at java.base/java.util.zip.ZipFile$Source.initCEN(ZipFile.java:1701) ~[?:?]
	at java.base/java.util.zip.ZipFile$Source.<init>(ZipFile.java:1542) ~[?:?]
	at java.base/java.util.zip.ZipFile$Source.get(ZipFile.java:1506) ~[?:?]
	at java.base/java.util.zip.ZipFile$CleanableResource.<init>(ZipFile.java:704) ~[?:?]
	at java.base/java.util.zip.ZipFile.<init>(ZipFile.java:204) ~[?:?]
	at java.base/java.util.zip.ZipFile.<init>(ZipFile.java:150) ~[?:?]
	at java.base/java.util.jar.JarFile.<init>(JarFile.java:333) ~[?:?]
	at io.papermc.paper.plugin.provider.source.FileProviderSource.registerProviders(FileProviderSource.java:64) ~[paper-26.1.2.jar:26.1.2-60-b4682bf]
	at io.papermc.paper.plugin.provider.source.DirectoryProviderSource.registerProviders(DirectoryProviderSource.java:58) ~[paper-26.1.2.jar:26.1.2-60-b4682bf]
	at io.papermc.paper.plugin.provider.source.DirectoryProviderSource.registerProviders(DirectoryProviderSource.java:17) ~[paper-26.1.2.jar:26.1.2-60-b4682bf]
	at io.papermc.paper.plugin.util.EntrypointUtil.registerProvidersFromSource(EntrypointUtil.java:15) ~[paper-26.1.2.jar:26.1.2-60-b4682bf]
	at io.papermc.paper.plugin.PluginInitializerManager.load(PluginInitializerManager.java:104) ~[paper-26.1.2.jar:26.1.2-60-b4682bf]
	at net.minecraft.server.Main.main(Main.java:107) ~[paper-26.1.2.jar:26.1.2-60-b4682bf]
	at io.papermc.paper.PaperBootstrap.boot(PaperBootstrap.java:21) ~[paper-26.1.2.jar:26.1.2-60-b4682bf]
	at org.bukkit.craftbukkit.Main.main(Main.java:204) ~[paper-26.1.2.jar:26.1.2-60-b4682bf]
	at io.papermc.paperclip.Paperclip.lambda$main$0(Paperclip.java:42) ~[?:?]
	at java.base/java.lang.Thread.run(Thread.java:1474) ~[?:?]
[07:14:50] [ServerMain/INFO]: [PluginInitializerManager] Initialized 0 plugins
[07:14:55] [ServerMain/INFO]: Environment: Environment[sessionHost=https://sessionserver.mojang.com, servicesHost=https://api.minecraftservices.com, profilesHost=https://api.mojang.com, name=PROD]
[07:14:57] [ServerMain/INFO]: Loaded 1515 recipes
[07:14:57] [ServerMain/INFO]: Loaded 1617 advancements
[07:14:57] [ServerMain/INFO]: [ca.spottedleaf.dataconverter.minecraft.datatypes.MCTypeRegistry] Initialising converters for DataConverter...
[07:14:58] [ServerMain/INFO]: [ca.spottedleaf.dataconverter.minecraft.datatypes.MCTypeRegistry] Finished initialising converters for DataConverter in 422.7ms
[07:14:58] [Server thread/INFO]: Starting minecraft server version 26.1.2
[07:14:58] [Server thread/INFO]: Loading properties
[07:14:58] [Server thread/INFO]: This server is running Paper version 26.1.2-60-main@b4682bf (2026-05-04T06:25:04Z) (Implementing API version 26.1.2.build.60-stable)
[07:14:58] [Server thread/INFO]: [spark] This server bundles the spark profiler. For more information please visit https://docs.papermc.io/paper/profiling
[07:14:58] [Server thread/INFO]: Server Ping Player Sample Count: 12
[07:14:58] [Server thread/INFO]: Using 4 threads for Netty based IO
[07:14:58] [Server thread/INFO]: [MoonriseCommon] Paper is using 1 worker threads, 1 I/O threads
[07:14:59] [Server thread/INFO]: Default game type: SURVIVAL
[07:14:59] [Server thread/INFO]: Generating keypair
[07:14:59] [Server thread/INFO]: Starting Minecraft server on *:25565
[07:14:59] [Server thread/INFO]: Paper: Using libdeflate (Linux x86_64) compression from Velocity.
[07:14:59] [Server thread/INFO]: Paper: Using OpenSSL 3.x.x (Linux x86_64) cipher from Velocity.
[07:14:59] [Server thread/INFO]: Server permissions file permissions.yml is empty, ignoring it
[07:14:59] [Server thread/WARN]: **** SERVER IS RUNNING IN OFFLINE/INSECURE MODE!
[07:14:59] [Server thread/WARN]: The server will make no attempt to authenticate usernames. Beware.
[07:14:59] [Server thread/WARN]: While this makes the game possible to play without internet access, it also opens up the ability for hackers to connect with any username they choose.
[07:14:59] [Server thread/WARN]: To change this, set "online-mode" to "true" in the server.properties file.
[07:14:59] [Server thread/INFO]: Preparing level "world"
[07:14:59] [Server thread/INFO]: Loading 0 persistent chunks for level 'minecraft:overworld'...
[07:14:59] [Server thread/INFO]: Preparing spawn area: 100%
[07:14:59] [Server thread/INFO]: Prepared spawn area in 3 ms
[07:14:59] [Server thread/INFO]: Loading 0 persistent chunks for level 'minecraft:the_nether'...
[07:14:59] [Server thread/INFO]: Prepared spawn area in 0 ms
[07:14:59] [Server thread/INFO]: Loading 0 persistent chunks for level 'minecraft:the_end'...
[07:14:59] [Server thread/INFO]: Prepared spawn area in 1 ms
[07:14:59] [Server thread/INFO]: Done preparing level "world" (0.494s)
[07:15:00] [Server thread/INFO]: [spark] Starting background profiler...
[07:15:00] [Server thread/INFO]: Saving chunks for level 'ServerLevel[world]'/minecraft:overworld
[07:15:00] [Server thread/INFO]: Saving chunks for level 'ServerLevel[world]'/minecraft:the_nether
[07:15:00] [Server thread/INFO]: Saving chunks for level 'ServerLevel[world]'/minecraft:the_end
[07:15:00] [Server thread/INFO]: ThreadedAnvilChunkStorage (world): All chunks are saved
[07:15:00] [Server thread/INFO]: ThreadedAnvilChunkStorage (DIM-1): All chunks are saved
[07:15:00] [Server thread/INFO]: ThreadedAnvilChunkStorage (DIM1): All chunks are saved
[07:15:00] [Server thread/INFO]: ThreadedAnvilChunkStorage: All dimensions are saved
[07:15:00] [Server thread/INFO]: Running delayed init tasks
[07:15:00] [Server thread/INFO]: Done (11.409s)! For help, type "help"
[07:15:00] [Paper Async Task Handler Thread - 1/INFO]: *** Currently you are 14 build(s) behind ***
[07:15:00] [Paper Async Task Handler Thread - 1/INFO]: *** It is highly recommended to download the latest build from https://papermc.io/downloads/paper ***
[07:15:08] [User Authenticator #0/INFO]: UUID of player Ori_Craft_xzx is f5c8f999-06a8-3e02-8aa1-7466913056a0
[07:15:10] [Server thread/INFO]: Ori_Craft_xzx joined the game
[07:15:11] [Server thread/INFO]: Ori_Craft_xzx[/100.87.119.33:63634] logged in with entity id 99 at ([minecraft:overworld]-55.44424743667724, 70.0, -112.57909946018864)
[07:15:28] [Server thread/INFO]: Ori_Craft_xzx was slain by Zombie
[07:15:40] [Server thread/INFO]: Ori_Craft_xzx issued server command: /gamemode creative
[07:15:40] [Server thread/INFO]: [Ori_Craft_xzx: Set own game mode to Creative Mode]
[07:17:05] [Server thread/INFO]: Stopping the server
[07:17:05] [Server thread/INFO]: Stopping server
[07:17:05] [Server thread/INFO]: Saving players
[07:17:05] [Server thread/INFO]: Saving worlds
[07:17:05] [Server thread/INFO]: Saving chunks for level 'ServerLevel[world]'/minecraft:overworld
[07:17:05] [Server thread/INFO]: [ChunkHolderManager] Waiting 60s for chunk system to halt for world 'minecraft:overworld'
[07:17:05] [Server thread/INFO]: [ChunkHolderManager] Halted chunk system for world 'minecraft:overworld'
[07:17:05] [Server thread/INFO]: [ChunkHolderManager] Saving all chunkholders for world 'minecraft:overworld'
[07:17:08] [Server thread/INFO]: [ChunkHolderManager] Saved 2098 block chunks, 1103 entity chunks, 0 poi chunks in world 'minecraft:overworld' in 2.40s
[07:17:08] [Server thread/INFO]: [ChunkHolderManager] Waiting 60s for chunk I/O to halt for world 'minecraft:overworld'
[07:17:08] [Server thread/INFO]: [ChunkHolderManager] Halted I/O scheduler for world 'minecraft:overworld'
[07:17:08] [Server thread/INFO]: Saving chunks for level 'ServerLevel[world]'/minecraft:the_nether
[07:17:08] [Server thread/INFO]: [ChunkHolderManager] Waiting 60s for chunk system to halt for world 'minecraft:the_nether'
[07:17:08] [Server thread/INFO]: [ChunkHolderManager] Halted chunk system for world 'minecraft:the_nether'
[07:17:08] [Server thread/INFO]: [ChunkHolderManager] Saving all chunkholders for world 'minecraft:the_nether'
[07:17:08] [Server thread/INFO]: [ChunkHolderManager] Saved 0 block chunks, 0 entity chunks, 0 poi chunks in world 'minecraft:the_nether' in 0.00s
[07:17:08] [Server thread/INFO]: [ChunkHolderManager] Waiting 60s for chunk I/O to halt for world 'minecraft:the_nether'
[07:17:08] [Server thread/INFO]: [ChunkHolderManager] Halted I/O scheduler for world 'minecraft:the_nether'
[07:17:08] [Server thread/INFO]: Saving chunks for level 'ServerLevel[world]'/minecraft:the_end
[07:17:08] [Server thread/INFO]: [ChunkHolderManager] Waiting 60s for chunk system to halt for world 'minecraft:the_end'
[07:17:08] [Server thread/INFO]: [ChunkHolderManager] Halted chunk system for world 'minecraft:the_end'
[07:17:08] [Server thread/INFO]: [ChunkHolderManager] Saving all chunkholders for world 'minecraft:the_end'
[07:17:08] [Server thread/INFO]: [ChunkHolderManager] Saved 0 block chunks, 0 entity chunks, 0 poi chunks in world 'minecraft:the_end' in 0.00s
[07:17:08] [Server thread/INFO]: [ChunkHolderManager] Waiting 60s for chunk I/O to halt for world 'minecraft:the_end'
[07:17:08] [Server thread/INFO]: [ChunkHolderManager] Halted I/O scheduler for world 'minecraft:the_end'
[07:17:08] [Server thread/INFO]: ThreadedAnvilChunkStorage (world): All chunks are saved
[07:17:08] [Server thread/INFO]: ThreadedAnvilChunkStorage (DIM-1): All chunks are saved
[07:17:08] [Server thread/INFO]: ThreadedAnvilChunkStorage (DIM1): All chunks are saved
[07:17:08] [Server thread/INFO]: ThreadedAnvilChunkStorage: All dimensions are saved
[07:17:08] [Server thread/INFO]: Waiting for all RegionFile I/O tasks to complete...
[07:17:08] [Server thread/INFO]: All RegionFile I/O tasks to complete
[07:17:08] [Server thread/INFO]: [MoonriseCommon] Awaiting termination of worker pool for up to 60s...
[07:17:08] [Server thread/INFO]: [MoonriseCommon] Awaiting termination of I/O pool for up to 60s...
